<?xml version="1.0" encoding="UTF-8"?>
<testng-results skipped="0" failed="1" total="1" passed="0">
  <reporter-output>
  </reporter-output>
  <suite name="Suite" duration-ms="64514" started-at="2020-02-05T10:49:02Z" finished-at="2020-02-05T10:50:07Z">
    <groups>
    </groups>
    <test name="Test" duration-ms="64514" started-at="2020-02-05T10:49:02Z" finished-at="2020-02-05T10:50:07Z">
      <class name="com.demo.test.LoginTest">
        <test-method status="PASS" signature="initilizeReport()[pri:0, instance:com.demo.test.LoginTest@703580bf]" name="initilizeReport" is-config="true" duration-ms="177" started-at="2020-02-05T16:19:02Z" finished-at="2020-02-05T16:19:02Z">
          <reporter-output>
          </reporter-output>
        </test-method> <!-- initilizeReport -->
        <test-method status="PASS" signature="Initilize(java.lang.String, java.lang.String)[pri:0, instance:com.demo.test.LoginTest@703580bf]" name="Initilize" is-config="true" duration-ms="14166" started-at="2020-02-05T16:19:02Z" finished-at="2020-02-05T16:19:17Z">
          <params>
            <param index="0">
              <value>
                <![CDATA[chrome]]>
              </value>
            </param>
            <param index="1">
              <value>
                <![CDATA[qa]]>
              </value>
            </param>
          </params>
          <reporter-output>
          </reporter-output>
        </test-method> <!-- Initilize -->
        <test-method status="FAIL" signature="test1()[pri:0, instance:com.demo.test.LoginTest@703580bf]" name="test1" duration-ms="50223" started-at="2020-02-05T16:19:17Z" finished-at="2020-02-05T16:20:07Z">
          <exception class="java.lang.NullPointerException">
            <full-stacktrace>
              <![CDATA[java.lang.NullPointerException
	at com.demo.actions.Login.loginaction(Login.java:36)
	at com.demo.test.LoginTest.test1(LoginTest.java:15)
	at sun.reflect.NativeMethodAccessorImpl.invoke0(Native Method)
	at sun.reflect.NativeMethodAccessorImpl.invoke(NativeMethodAccessorImpl.java:62)
	at sun.reflect.DelegatingMethodAccessorImpl.invoke(DelegatingMethodAccessorImpl.java:43)
	at java.lang.reflect.Method.invoke(Method.java:498)
	at org.testng.internal.MethodInvocationHelper.invokeMethod(MethodInvocationHelper.java:80)
	at org.testng.internal.Invoker.invokeMethod(Invoker.java:714)
	at org.testng.internal.Invoker.invokeTestMethod(Invoker.java:901)
	at org.testng.internal.Invoker.invokeTestMethods(Invoker.java:1231)
	at org.testng.internal.TestMethodWorker.invokeTestMethods(TestMethodWorker.java:127)
	at org.testng.internal.TestMethodWorker.run(TestMethodWorker.java:111)
	at org.testng.TestRunner.privateRun(TestRunner.java:767)
	at org.testng.TestRunner.run(TestRunner.java:617)
	at org.testng.SuiteRunner.runTest(SuiteRunner.java:334)
	at org.testng.SuiteRunner.access$000(SuiteRunner.java:37)
	at org.testng.SuiteRunner$SuiteWorker.run(SuiteRunner.java:368)
	at org.testng.internal.thread.ThreadUtil$2.call(ThreadUtil.java:64)
	at java.util.concurrent.FutureTask.run(FutureTask.java:266)
	at java.util.concurrent.ThreadPoolExecutor.runWorker(ThreadPoolExecutor.java:1149)
	at java.util.concurrent.ThreadPoolExecutor$Worker.run(ThreadPoolExecutor.java:624)
	at java.lang.Thread.run(Thread.java:748)
]]>
            </full-stacktrace>
          </exception> <!-- java.lang.NullPointerException -->
          <reporter-output>
          </reporter-output>
        </test-method> <!-- test1 -->
        <test-method status="PASS" signature="cleanUpReport()[pri:0, instance:com.demo.test.LoginTest@703580bf]" name="cleanUpReport" is-config="true" duration-ms="678" started-at="2020-02-05T16:20:08Z" finished-at="2020-02-05T16:20:08Z">
          <reporter-output>
          </reporter-output>
        </test-method> <!-- cleanUpReport -->
      </class> <!-- com.demo.test.LoginTest -->
    </test> <!-- Test -->
  </suite> <!-- Suite -->
</testng-results>
