<?xml version="1.0" encoding="UTF-8"?>
<!-- Generated by org.testng.reporters.JUnitXMLReporter -->
<testsuite hostname="TS-QA-08" name="Test" tests="1" failures="1" timestamp="17 Feb 2020 10:17:10 GMT" time="93.404" errors="0">
  <testcase name="test" time="43.694" classname="com.test.login.LoginTest">
    <failure type="java.lang.NullPointerException">
      <![CDATA[java.lang.NullPointerException
	at org.openqa.selenium.support.pagefactory.DefaultElementLocator.findElement(DefaultElementLocator.java:69)
	at org.openqa.selenium.support.pagefactory.internal.LocatingElementHandler.invoke(LocatingElementHandler.java:38)
	at com.sun.proxy.$Proxy10.sendKeys(Unknown Source)
	at com.vetty.actions.SSNTraceSubmission.Login(SSNTraceSubmission.java:12)
	at com.test.login.LoginTest.test(LoginTest.java:15)
... Removed 25 stack frames]]>
    </failure>
  </testcase> <!-- test -->
</testsuite> <!-- Test -->
