<?xml version="1.0" encoding="UTF-8"?>
<testng-results skipped="0" failed="1" total="2" passed="1">
  <reporter-output>
  </reporter-output>
  <suite name="Suite" duration-ms="95991" started-at="2020-02-17T12:08:40Z" finished-at="2020-02-17T12:10:16Z">
    <groups>
    </groups>
    <test name="Test" duration-ms="95991" started-at="2020-02-17T12:08:40Z" finished-at="2020-02-17T12:10:16Z">
      <class name="examplemaven.LoginTest">
        <test-method status="PASS" signature="initialize()[pri:0, instance:examplemaven.LoginTest@146ba0ac]" name="initialize" is-config="true" duration-ms="9511" started-at="2020-02-17T17:38:40Z" finished-at="2020-02-17T17:38:50Z">
          <reporter-output>
          </reporter-output>
        </test-method> <!-- initialize -->
        <test-method status="PASS" signature="init()[pri:0, instance:examplemaven.LoginTest@146ba0ac]" name="init" is-config="true" duration-ms="30584" started-at="2020-02-17T17:38:50Z" finished-at="2020-02-17T17:39:20Z">
          <reporter-output>
          </reporter-output>
        </test-method> <!-- init -->
        <test-method status="PASS" signature="initLogin()[pri:0, instance:examplemaven.LoginTest@146ba0ac]" name="initLogin" duration-ms="13401" started-at="2020-02-17T17:39:20Z" finished-at="2020-02-17T17:39:34Z">
          <reporter-output>
          </reporter-output>
        </test-method> <!-- initLogin -->
        <test-method status="PASS" signature="quit()[pri:0, instance:examplemaven.LoginTest@146ba0ac]" name="quit" is-config="true" duration-ms="2269" started-at="2020-02-17T17:39:34Z" finished-at="2020-02-17T17:39:36Z">
          <reporter-output>
          </reporter-output>
        </test-method> <!-- quit -->
      </class> <!-- examplemaven.LoginTest -->
      <class name="examplemaven.BackgroundTest">
        <test-method status="PASS" signature="initialize()[pri:0, instance:examplemaven.BackgroundTest@4dfa3a9d]" name="initialize" is-config="true" duration-ms="9845" started-at="2020-02-17T17:39:36Z" finished-at="2020-02-17T17:39:46Z">
          <reporter-output>
          </reporter-output>
        </test-method> <!-- initialize -->
        <test-method status="PASS" signature="init()[pri:0, instance:examplemaven.BackgroundTest@4dfa3a9d]" name="init" is-config="true" duration-ms="13008" started-at="2020-02-17T17:39:46Z" finished-at="2020-02-17T17:39:59Z">
          <reporter-output>
          </reporter-output>
        </test-method> <!-- init -->
        <test-method status="FAIL" signature="backgroundTest()[pri:0, instance:examplemaven.BackgroundTest@4dfa3a9d]" name="backgroundTest" duration-ms="16429" started-at="2020-02-17T17:39:59Z" finished-at="2020-02-17T17:40:15Z">
          <exception class="org.openqa.selenium.NoSuchElementException">
            <message>
              <![CDATA[no such element: Unable to locate element: {"method":"xpath","selector":"/html/body/app-root/div/app-applicant-details/div/div/div/app-background-check/form/div/div[2]/div[1]/div/div/div/div[2]/span/div"}
  (Session info: chrome=79.0.3945.130)
For documentation on this error, please visit: https://selenium.dev/exceptions/#no_such_element
Build info: version: '4.0.0-alpha-4', revision: 'c2d955b49e'
System info: host: 'TS-QA-08', ip: '192.168.2.21', os.name: 'Windows 8.1', os.arch: 'amd64', os.version: '6.3', java.version: '1.8.0_201'
Driver info: org.openqa.selenium.chrome.ChromeDriver
Capabilities {acceptInsecureCerts: false, browserName: chrome, browserVersion: 79.0.3945.130, chrome: {chromedriverVersion: 79.0.3945.36 (3582db32b3389..., userDataDir: C:\Users\SUNITA~1.PAU\AppDa...}, goog:chromeOptions: {debuggerAddress: localhost:57295}, javascriptEnabled: true, networkConnectionEnabled: false, pageLoadStrategy: normal, platform: WINDOWS, platformName: WINDOWS, proxy: Proxy(), setWindowRect: true, strictFileInteractability: false, timeouts: {implicit: 0, pageLoad: 300000, script: 30000}, unhandledPromptBehavior: dismiss and notify}
Session ID: f118b47ec4cfaeca28ea6d1ca4100448
*** Element info: {Using=xpath, value=/html/body/app-root/div/app-applicant-details/div/div/div/app-background-check/form/div/div[2]/div[1]/div/div/div/div[2]/span/div}]]>
            </message>
            <full-stacktrace>
              <![CDATA[org.openqa.selenium.NoSuchElementException: no such element: Unable to locate element: {"method":"xpath","selector":"/html/body/app-root/div/app-applicant-details/div/div/div/app-background-check/form/div/div[2]/div[1]/div/div/div/div[2]/span/div"}
  (Session info: chrome=79.0.3945.130)
For documentation on this error, please visit: https://selenium.dev/exceptions/#no_such_element
Build info: version: '4.0.0-alpha-4', revision: 'c2d955b49e'
System info: host: 'TS-QA-08', ip: '192.168.2.21', os.name: 'Windows 8.1', os.arch: 'amd64', os.version: '6.3', java.version: '1.8.0_201'
Driver info: org.openqa.selenium.chrome.ChromeDriver
Capabilities {acceptInsecureCerts: false, browserName: chrome, browserVersion: 79.0.3945.130, chrome: {chromedriverVersion: 79.0.3945.36 (3582db32b3389..., userDataDir: C:\Users\SUNITA~1.PAU\AppDa...}, goog:chromeOptions: {debuggerAddress: localhost:57295}, javascriptEnabled: true, networkConnectionEnabled: false, pageLoadStrategy: normal, platform: WINDOWS, platformName: WINDOWS, proxy: Proxy(), setWindowRect: true, strictFileInteractability: false, timeouts: {implicit: 0, pageLoad: 300000, script: 30000}, unhandledPromptBehavior: dismiss and notify}
Session ID: f118b47ec4cfaeca28ea6d1ca4100448
*** Element info: {Using=xpath, value=/html/body/app-root/div/app-applicant-details/div/div/div/app-background-check/form/div/div[2]/div[1]/div/div/div/div[2]/span/div}
	at sun.reflect.NativeConstructorAccessorImpl.newInstance0(Native Method)
	at sun.reflect.NativeConstructorAccessorImpl.newInstance(NativeConstructorAccessorImpl.java:62)
	at sun.reflect.DelegatingConstructorAccessorImpl.newInstance(DelegatingConstructorAccessorImpl.java:45)
	at java.lang.reflect.Constructor.newInstance(Constructor.java:423)
	at org.openqa.selenium.remote.codec.w3c.W3CHttpResponseCodec.createException(W3CHttpResponseCodec.java:196)
	at org.openqa.selenium.remote.codec.w3c.W3CHttpResponseCodec.decode(W3CHttpResponseCodec.java:129)
	at org.openqa.selenium.remote.codec.w3c.W3CHttpResponseCodec.decode(W3CHttpResponseCodec.java:53)
	at org.openqa.selenium.remote.HttpCommandExecutor.execute(HttpCommandExecutor.java:161)
	at org.openqa.selenium.remote.service.DriverCommandExecutor.execute(DriverCommandExecutor.java:83)
	at org.openqa.selenium.remote.RemoteWebDriver.execute(RemoteWebDriver.java:582)
	at org.openqa.selenium.remote.RemoteWebDriver.findElement(RemoteWebDriver.java:333)
	at org.openqa.selenium.remote.RemoteWebDriver.findElementByXPath(RemoteWebDriver.java:451)
	at org.openqa.selenium.By$ByXPath.findElement(By.java:394)
	at org.openqa.selenium.remote.RemoteWebDriver.findElement(RemoteWebDriver.java:325)
	at org.openqa.selenium.support.pagefactory.DefaultElementLocator.findElement(DefaultElementLocator.java:70)
	at org.openqa.selenium.support.pagefactory.internal.LocatingElementHandler.invoke(LocatingElementHandler.java:39)
	at com.sun.proxy.$Proxy14.click(Unknown Source)
	at examplemaven.BackgroundPage.clickCalenderICon(BackgroundPage.java:95)
	at examplemaven.BackgroundTest.backgroundTest(BackgroundTest.java:19)
	at sun.reflect.NativeMethodAccessorImpl.invoke0(Native Method)
	at sun.reflect.NativeMethodAccessorImpl.invoke(NativeMethodAccessorImpl.java:62)
	at sun.reflect.DelegatingMethodAccessorImpl.invoke(DelegatingMethodAccessorImpl.java:43)
	at java.lang.reflect.Method.invoke(Method.java:498)
	at org.testng.internal.MethodInvocationHelper.invokeMethod(MethodInvocationHelper.java:100)
	at org.testng.internal.Invoker.invokeMethod(Invoker.java:646)
	at org.testng.internal.Invoker.invokeTestMethod(Invoker.java:811)
	at org.testng.internal.Invoker.invokeTestMethods(Invoker.java:1137)
	at org.testng.internal.TestMethodWorker.invokeTestMethods(TestMethodWorker.java:129)
	at org.testng.internal.TestMethodWorker.run(TestMethodWorker.java:112)
	at org.testng.TestRunner.privateRun(TestRunner.java:753)
	at org.testng.TestRunner.run(TestRunner.java:607)
	at org.testng.SuiteRunner.runTest(SuiteRunner.java:368)
	at org.testng.SuiteRunner.runSequentially(SuiteRunner.java:363)
	at org.testng.SuiteRunner.privateRun(SuiteRunner.java:321)
	at org.testng.SuiteRunner.run(SuiteRunner.java:270)
	at org.testng.SuiteRunnerWorker.runSuite(SuiteRunnerWorker.java:52)
	at org.testng.SuiteRunnerWorker.run(SuiteRunnerWorker.java:86)
	at org.testng.TestNG.runSuitesSequentially(TestNG.java:1284)
	at org.testng.TestNG.runSuitesLocally(TestNG.java:1209)
	at org.testng.TestNG.runSuites(TestNG.java:1124)
	at org.testng.TestNG.run(TestNG.java:1096)
	at org.testng.remote.AbstractRemoteTestNG.run(AbstractRemoteTestNG.java:132)
	at org.testng.remote.RemoteTestNG.initAndRun(RemoteTestNG.java:236)
	at org.testng.remote.RemoteTestNG.main(RemoteTestNG.java:81)
]]>
            </full-stacktrace>
          </exception> <!-- org.openqa.selenium.NoSuchElementException -->
          <reporter-output>
          </reporter-output>
        </test-method> <!-- backgroundTest -->
        <test-method status="PASS" signature="quit()[pri:0, instance:examplemaven.BackgroundTest@4dfa3a9d]" name="quit" is-config="true" duration-ms="360" started-at="2020-02-17T17:40:16Z" finished-at="2020-02-17T17:40:16Z">
          <reporter-output>
          </reporter-output>
        </test-method> <!-- quit -->
      </class> <!-- examplemaven.BackgroundTest -->
    </test> <!-- Test -->
  </suite> <!-- Suite -->
</testng-results>
